Info success callback with msg getSystemInfo:ok
2020-4-23 21:13:51 [log] page pages/changeSalesmanID/changeSalesmanID onReady have been invoked
2020-4-23 21:14:26 [log] page pages/changeSalesmanID/changeSalesmanID onUnload have been invoked
2020-4-23 21:14:26 [log] page pages/my/my onShow have been invoked
2020-4-23 21:14:28 [log] wx.navigateTo api invoke
2020-4-23 21:14:28 [log] page pages/my/my onHide have been invoked
2020-4-23 21:14:28 [log] page pages/changePassword/changePassword onLoad have been invoked
2020-4-23 21:14:28 [log] page pages/changePassword/changePassword onShow have been invoked
2020-4-23 21:14:28 [log] wx.getSystemInfo api invoke
2020-4-23 21:14:28 [log] wx.getSystemInfo success callback with msg getSystemInfo:ok
2020-4-23 21:14:29 [log] page pages/changePassword/changePassword onReady have been invoked
2020-4-23 21:14:30 [log] page pages/changePassword/changePassword onUnload have been invoked
2020-4-23 21:14:30 [log] page pages/my/my onShow have been invoked
2020-4-23 21:14:31 [log] wx.showModal api invoke
2020-4-23 21:14:33 [log] wx.showModal success callback with msg showModal:ok
2020-4-23 21:14:34 [log] page pages/my/my onHide have been invoked
2020-4-23 21:14:34 [log] App onHide have been invoked
2020-4-30 13:0:52 [log] wx.getStorageSync api invoke
2020-4-30 13:0:52 [log] wx.getStorageSync return
2020-4-30 13:0:52 [log] App onLaunch have been invoked
2020-4-30 13:0:52 [log] App onShow have been invoked
2020-4-30 13:0:52 [log] wx.getStorageSync api invoke
2020-4-30 13:0:52 [log] wx.getStorageSync return
2020-4-30 13:0:52 [log] page pages/home/home onLoad have been invoked
2020-4-30 13:0:52 [log] wx.showLoading api invoke
2020-4-30 13:0:52 [log] wx.getStorageSync api invoke
2020-4-30 13:0:52 [log] wx.getStorageSync return
2020-4-30 13:0:52 [log] wx.getStorageSync api invoke
2020-4-30 13:0:52 [log] wx.getStorageSync return
2020-4-30 13:0:52 [log] wx.request api invoke with seq 0
2020-4-30 13:0:52 [log] wx.showLoading api invoke
2020-4-30 13:0:52 [log] wx.getStorageSync api invoke
2020-4-30 13:0:52 [log] wx.getStorageSync return
2020-4-30 13:0:52 [log] wx.getStorageSync api invoke
2020-4-30 13:0:52 [log] wx.getStorageSync return
2020-4-30 13:0:52 [log] wx.request api invoke with seq 0
2020-4-30 13:0:52 [log] wx.stopPullDownRefresh api invoke
2020-4-30 13:0:52 [log] page pages/home/home onShow have been invoked
2020-4-30 13:0:52 [log] page pages/home/home onReady have been invoked
2020-4-30 13:0:52 [log] wx.hideLoading api invoke
2020-4-30 13:0:52 [log] wx.getStorageSync api invoke
2020-4-30 13:0:52 [log] wx.getStorageSync return
2020-4-30 13:0:52 [log] wx.request api invoke with seq 0
2020-4-30 13:0:52 [log] wx.hideLoading api invoke
2020-4-30 13:0:52 [log] wx.getStorageSync api invoke
2020-4-30 13:0:52 [log] wx.getStorageSync return
2020-4-30 13:0:52 [log] wx.request api invoke with seq 0
2020-4-30 13:0:52 [log] wx.setStorageSync api invoke
2020-4-30 13:0:52 [log] wx.setStorageSync return
2020-4-30 13:0:52 [log] wx.showLoading api invoke
2020-4-30 13:0:52 [log] wx.getStorageSync api invoke
2020-4-30 13:0:52 [log] wx.getStorageSync return
2020-4-30 13:0:52 [log] wx.getStorageSync api invoke
2020-4-30 13:0:52 [log] wx.getStorageSync return
2020-4-30 13:0:52 [log] wx.request api invoke with seq 0
2020-4-30 13:0:52 [log] wx.setStorageSync api invoke
2020-4-30 13:0:52 [log] wx.setStorageSync return
2020-4-30 13:0:52 [log] wx.showLoading api invoke
2020-4-30 13:0:52 [log] wx.getStorageSync api invoke
2020-4-30 13:0:52 [log] wx.getStorageSync return
2020-4-30 13:0:52 [log] wx.getStorageSync api invoke
2020-4-30 13:0:52 [log] wx.getStorageSync return
2020-4-30 13:0:52 [log] wx.request api invoke with seq 0
2020-4-30 13:0:53 [log] wx.hideLoading api invoke
2020-4-30 13:0:53 [log] wx.hideLoading api invoke
2020-4-30 13:0:54 [log] wx.getNetworkType api invoke
2020-4-30 13:0:54 [log] wx.onNetworkStatusChange api invoke
2020-4-30 13:0:54 [log] wx.getNetworkType success callback with msg getNetworkType:ok
2020-4-30 13:0:55 [log] wx.navigateTo api invoke
2020-4-30 13:0:55 [log] page pages/home/home onHide have been invoked
2020-4-30 13:0:55 [log] wx.showLoading api invoke
2020-4-30 13:0:55 [log] wx.getStorageSync api invoke
2020-4-30 13:0:55 [log] wx.getStorageSync return
2020-4-30 13:0:55 [log] wx.getStorageSync api invoke
2020-4-30 13:0:55 [log] wx.getStorageSync return
2020-4-30 13:0:55 [log] wx.request api invoke with seq 0
2020-4-30 13:0:55 [log] wx.showLoading api invoke
2020-4-30 13:0:55 [log] wx.getStorageSync api invoke
2020-4-30 13:0:55 [log] wx.getStorageSync return
2020-4-30 13:0:55 [log] wx.getStorageSync api invoke
2020-4-30 13:0:55 [log] wx.getStorageSync return
2020-4-30 13:0:55 [log] wx.request api invoke with seq 0
2020-4-30 13:0:55 [log] page pages/homeView/homeView onLoad have been invoked
2020-4-30 13:0:55 [log] page pages/homeView/homeView onShow have been invoked
2020-4-30 13:0:55 [log] page pages/homeView/homeView onReady have been invoked
2020-4-30 13:0:55 [log] wx.hideLoading api invoke
2020-4-30 13:0:55 [log] wx.hideLoading api invoke
2020-4-30 13:1:2 [log] page pages/homeView/homeView onUnload have been invoked
2020-4-30 13:1:2 [log] wx.showLoading api invoke
2020-4-30 13:1:2 [log] wx.getStorageSync api invoke
2020-4-30 13:1:2 [log] wx.getStorageSync return
2020-4-30 13:1:2 [log] wx.getStorageSync api invoke
2020-4-30 13:1:2 [log] wx.getStorageSync return
2020-4-30 13:1:2 [log] wx.request api invoke with seq 0
2020-4-30 13:1:2 [log] wx.showLoading api invoke
2020-4-30 13:1:2 [log] wx.getStorageSync api invoke
2020-4-30 13:1:2 [log] wx.getStorageSync return
2020-4-30 13:1:2 [log] wx.getStorageSync api invoke
2020-4-30 13:1:2 [log] wx.getStorageSync return
2020-4-30 13:1:2 [log] wx.request api invoke with seq 0
2020-4-30 13:1:2 [log] wx.stopPullDownRefresh api invoke
2020-4-30 13:1:2 [log] page pages/home/home onShow have been invoked
2020-4-30 13:1:2 [log] wx.hideLoading api invoke
2020-4-30 13:1:2 [log] wx.hideLoading api invoke
2020-4-30 13:1:3 [log] wx.navigateTo api invoke
2020-4-30 13:1:3 [log] page pages/home/home onHide have been invoked
2020-4-30 13:1:3 [log] wx.showLoading api invoke
2020-4-30 13:1:3 [log] wx.getStorageSync api invoke
2020-4-30 13:1:3 [log] wx.getStorageSync return
2020-4-30 13:1:3 [log] wx.getStorageSync api invoke
2020-42020-4-23 20:41:16 [log] wx.getStorageSync api invoke
2020-4-23 20:41:16 [log] wx.getStorageSync return
2020-4-23 20:41:16 [log] wx.redirectTo api invoke
2020-4-23 20:41:16 [log] App onLaunch have been invoked
2020-4-23 20:41:16 [log] App onShow have been invoked
2020-4-23 20:41:16 [log] wx.getStorageSync api invoke
2020-4-23 20:41:16 [log] wx.getStorageSync return
2020-4-23 20:41:16 [log] wx.redirectTo api invoke
2020-4-23 20:41:16 [log] page pages/home/home onLoad have been invoked
2020-4-23 20:41:16 [log] wx.showLoading api invoke
2020-4-23 20:41:16 [log] wx.getStorageSync api invoke
2020-4-23 20:41:16 [log] wx.getStorageSync return
2020-4-23 20:41:16 [log] wx.request api invoke with seq 0
2020-4-23 20:41:16 [log] wx.showLoading api invoke
2020-4-23 20:41:16 [log] wx.getStorageSync api invoke
2020-4-23 20:41:16 [log] wx.getStorageSync return
2020-4-23 20:41:16 [log] wx.request api invoke with seq 0
2020-4-23 20:41:16 [log] wx.stopPullDownRefresh api invoke
2020-4-23 20:41:16 [log] page pages/home/home onShow have been invoked
2020-4-23 20:41:16 [log] wx.getSystemInfo api invoke
2020-4-23 20:41:16 [log] wx.getSystemInfo success callback with msg getSystemInfo:ok
2020-4-23 20:41:16 [log] page pages/home/home onUnload have been invoked
2020-4-23 20:41:16 [log] page pages/login/login onLoad have been invoked
2020-4-23 20:41:16 [log] page pages/login/login onShow have been invoked
2020-4-23 20:41:17 [log] page pages/login/login onUnload have been invoked
2020-4-23 20:41:17 [log] page pages/login/login onLoad have been invoked
2020-4-23 20:41:17 [log] page pages/login/login onShow have been invoked
2020-4-23 20:41:17 [log] wx.hideLoading api invoke
2020-4-23 20:41:17 [log] wx.getStorageSync api invoke
2020-4-23 20:41:17 [log] wx.getStorageSync return
2020-4-23 20:41:17 [log] wx.request api invoke with seq 0
2020-4-23 20:41:17 [log] wx.hideLoading api invoke
2020-4-23 20:41:17 [log] wx.getStorageSync api invoke
2020-4-23 20:41:17 [log] wx.getStorageSync return
2020-4-23 20:41:17 [log] wx.request api invoke with seq 0
2020-4-23 20:41:18 [log] wx.getNetworkType api invoke
2020-4-23 20:41:18 [log] wx.onNetworkStatusChange api invoke
2020-4-23 20:41:18 [log] wx.getNetworkType success callback with msg getNetworkType:ok
2020-4-23 20:41:18 [log] wx.getSystemInfo api invoke
2020-4-23 20:41:18 [log] wx.getSystemInfo success callback with msg getSystemInfo:ok
2020-4-23 20:41:18 [log] page pages/login/login onReady have been invoked
2020-4-23 20:41:31 [log] wx.showLoading api invoke
2020-4-23 20:41:31 [log] wx.getStorageSync api invoke
2020-4-23 20:41:31 [log] wx.getStorageSync return
2020-4-23 20:41:31 [log] wx.request api invoke with seq 0
2020-4-23 20:41:31 [log] wx.hideLoading api invoke
2020-4-23 20:41:31 [log] wx.setStorageSync api invoke
2020-4-23 20:41:31 [log] wx.setStorageSync return
2020-4-23 20:41:31 [log] wx.setStorageSync api invoke
2020-4-23 20:41:31 [log] wx.setStorageSync return
2020-4-23 20:41:31 [log] wx.switchTab api invoke
2020-4-23 20:41:32 [log] page pages/login/login onUnload have been invoked
2020-4-23 20:41:32 [log] wx.getStorageSync api invoke
2020-4-23 20:41:32 [log] wx.getStorageSync return
2020-4-23 20:41:32 [log] page pages/home/home onLoad have been invoked
2020-4-23 20:41:32 [log] wx.showLoading api invoke
2020-4-23 20:41:32 [log] wx.getStorageSync api invoke
2020-4-23 20:41:32 [log] wx.getStorageSync return
2020-4-23 20:41:32 [log] wx.getStorageSync api invoke
2020-4-23 20:41:32 [log] wx.getStorageSync return
2020-4-23 20:41:32 [log] wx.request api invoke with seq 0
2020-4-23 20:41:32 [log] wx.showLoading api invoke
2020-4-23 20:41:32 [log] wx.getStorageSync api invoke
2020-4-23 20:41:32 [log] wx.getStorageSync return
2020-4-23 20:41:32 [log] wx.getStorageSync api invoke
2020-4-23 20:41:32 [log] wx.getStorageSync return
2020-4-23 20:41:32 [log] wx.request api invoke with seq 0
2020-4-23 20:41:32 [log] wx.stopPullDownRefresh api invoke
2020-4-23 20:41:32 [log] page pages/home/home onShow have been invoked
2020-4-23 20:41:32 [log] wx.hideLoading api invoke
2020-4-23 20:41:32 [log] wx.hideLoading api invoke
2020-4-23 20:41:32 [log] wx.getSystemInfo api invoke
2020-4-23 20:41:32 [log] wx.getSystemInfo success callback with msg getSystemInfo:ok
2020-4-23 20:41:33 [log] page pages/home/home onReady have been invoked
2020-4-23 20:41:37 [log] wx.showLoading api invoke
2020-4-23 20:41:37 [log] wx.getStorageSync api invoke
2020-4-23 20:41:37 [log] wx.getStorageSync return
2020-4-23 20:41:37 [log] wx.getStorageSync api invoke
2020-4-23 20:41:37 [log] wx.getStorageSync return
2020-4-23 20:41:37 [log] wx.request api invoke with seq 0
2020-4-23 20:41:37 [log] wx.showLoading api invoke
2020-4-23 20:41:37 [log] wx.getStorageSync api invoke
2020-4-23 20:41:37 [log] wx.getStorageSync return
2020-4-23 20:41:37 [log] wx.getStorageSync api invoke
2020-4-23 20:41:37 [log] wx.getStorageSync return
2020-4-23 20:41:37 [log] wx.request api invoke with seq 0
2020-4-23 20:41:37 [log] wx.stopPullDownRefresh api invoke
2020-4-23 20:41:37 [log] page pages/home/home onShow have been invoked
2020-4-23 20:41:37 [log] wx.hideLoading api invoke
2020-4-23 20:41:37 [log] wx.hideLoading api invoke
2020-4-23 20:41:39 [log] wx.showLoading api invoke
2020-4-23 20:41:39 [log] wx.getStorageSync api invoke
2020-4-23 20:41:39 [log] wx.getStorageSync return
2020-4-23 20:41:39 [log] wx.getStorageSync api invoke
2020-4-23 20:41:39 [log] wx.getStorageSync return
2020-4-23 20:41:39 [log] wx.request api invoke with seq 0
2020-4-23 20:41:39 [log] wx.showLoading api invoke
2020-4-23 20:41:39 [log] wx.getStorageSync api invoke
2020-4-23 20:41:39 [log] wx.getStorageSync return
2020-4-23 20:41:39 [log] wx.getStorageSync api invoke
2020-4-23 20:41:39 [log] wx.getStorageSync return
2020-4-23 20:41:39 [log] wx.request api invoke with seq 0
2020-4-23 20:41:39 [log] wx.stopPullDownRefresh api invoke
2020-4-23 20:41:39 [log] page pages/home/home onShow have been invoked
2020-4-23 20:41:39 [log] wx.hideLoading api invoke
2020-4-23 20:41:39 [log] wx.hideLoading api invoke
2020-4-23 20:41:40 [log] wx.showLoading api invoke
2020-4-23 20:41:40 [log] wx.getStorageSync api invoke
2020-4-23 20:41:40 [log] wx.getStorageSync return
2020-4-23 20:41:40 [log] wx.getStorageSync api invoke
2020-4-23 20:41:40 [log] wx.getStorageSync return
20og] wx.showLoading api invoke
2020-5-1 15:39:15 [log] wx.getStorageSync api invoke
2020-5-1 15:39:15 [log] wx.getStorageSync return
2020-5-1 15:39:15 [log] wx.getStorageSync api invoke
2020-5-1 15:39:15 [log] wx.getStorageSync return
2020-5-1 15:39:15 [log] wx.request api invoke with seq 0
2020-5-1 15:39:15 [log] wx.setStorageSync api invoke
2020-5-1 15:39:15 [log] wx.setStorageSync return
2020-5-1 15:39:15 [log] wx.showLoading api invoke
2020-5-1 15:39:15 [log] wx.getStorageSync api invoke
2020-5-1 15:39:15 [log] wx.getStorageSync return
2020-5-1 15:39:15 [log] wx.getStorageSync api invoke
2020-5-1 15:39:15 [log] wx.getStorageSync return
2020-5-1 15:39:15 [log] wx.request api invoke with seq 0
2020-5-1 15:39:15 [log] wx.hideLoading api invoke
2020-5-1 15:39:15 [log] wx.hideLoading api invoke
2020-5-1 15:39:15 [log] page pages/home/home onReady have been invoked
2020-5-1 15:39:16 [log] wx.getNetworkType api invoke
2020-5-1 15:39:16 [log] wx.onNetworkStatusChange api invoke
2020-5-1 15:39:16 [log] wx.getNetworkType success callback with msg getNetworkType:ok
2020-5-1 15:39:18 [log] wx.navigateTo api invoke
2020-5-1 15:39:18 [log] page pages/home/home onHide have been invoked
2020-5-1 15:39:18 [log] wx.showLoading api invoke
2020-5-1 15:39:18 [log] wx.getStorageSync api invoke
2020-5-1 15:39:18 [log] wx.getStorageSync return
2020-5-1 15:39:18 [log] wx.getStorageSync api invoke
2020-5-1 15:39:18 [log] wx.getStorageSync return
2020-5-1 15:39:18 [log] wx.request api invoke with seq 0
2020-5-1 15:39:18 [log] wx.showLoading api invoke
2020-5-1 15:39:18 [log] wx.getStorageSync api invoke
2020-5-1 15:39:18 [log] wx.getStorageSync return
2020-5-1 15:39:18 [log] wx.getStorageSync api invoke
2020-5-1 15:39:18 [log] wx.getStorageSync return
2020-5-1 15:39:18 [log] wx.request api invoke with seq 0
2020-5-1 15:39:18 [log] page pages/homeView/homeView onLoad have been invoked
2020-5-1 15:39:18 [log] page pages/homeView/homeView onShow have been invoked
2020-5-1 15:39:18 [log] wx.hideLoading api invoke
2020-5-1 15:39:18 [log] wx.hideLoading api invoke
2020-5-1 15:39:18 [log] page pages/homeView/homeView onReady have been invoked
2020-5-1 15:39:21 [log] page pages/homeView/homeView onHide have been invoked
2020-5-1 15:39:21 [log] App onHide have been invoked
2020-5-1 15:39:24 [log] App onShow have been invoked
2020-5-1 15:39:24 [log] page pages/homeView/homeView onShow have been invoked
2020-5-1 15:39:26 [log] page pages/homeView/homeView onHide have been invoked
2020-5-1 15:39:26 [log] App onHide have been invoked
2020-5-1 15:39:29 [log] App onShow have been invoked
2020-5-1 15:39:29 [log] page pages/homeView/homeView onShow have been invoked
2020-5-1 15:39:33 [log] wx.getStorageSync api invoke
2020-5-1 15:39:33 [log] wx.getStorageSync return
2020-5-1 15:39:33 [log] App onLaunch have been invoked
2020-5-1 15:39:33 [log] App onShow have been invoked
2020-5-1 15:39:34 [log] wx.getStorageSync api invoke
2020-5-1 15:39:34 [log] wx.getStorageSync return
2020-5-1 15:39:34 [log] page pages/home/home onLoad have been invoked
2020-5-1 15:39:34 [log] wx.showLoading api invoke
2020-5-1 15:39:34 [log] wx.getStorageSync api invoke
2020-5-1 15:39:34 [log] wx.getStorageSync return
2020-5-1 15:39:34 [log] wx.getStorageSync api invoke
2020-5-1 15:39:34 [log] wx.getStorageSync return
2020-5-1 15:39:34 [log] wx.request api invoke with seq 0
2020-5-1 15:39:34 [log] wx.showLoading api invoke
2020-5-1 15:39:34 [log] wx.getStorageSync api invoke
2020-5-1 15:39:34 [log] wx.getStorageSync return
2020-5-1 15:39:34 [log] wx.getStorageSync api invoke
2020-5-1 15:39:34 [log] wx.getStorageSync return
2020-5-1 15:39:34 [log] wx.request api invoke with seq 0
2020-5-1 15:39:34 [log] wx.stopPullDownRefresh api invoke
2020-5-1 15:39:34 [log] page pages/home/home onShow have been invoked
2020-5-1 15:39:34 [log] wx.hideLoading api invoke
2020-5-1 15:39:34 [log] wx.hideLoading api invoke
2020-5-1 15:39:34 [log] page pages/home/home onReady have been invoked
2020-5-1 15:39:35 [log] wx.getNetworkType api invoke
2020-5-1 15:39:35 [log] wx.onNetworkStatusChange api invoke
2020-5-1 15:39:35 [log] wx.getNetworkType success callback with msg getNetworkType:ok
2020-5-1 15:39:36 [log] wx.navigateTo api invoke
2020-5-1 15:39:36 [log] page pages/home/home onHide have been invoked
2020-5-1 15:39:36 [log] wx.showLoading api invoke
2020-5-1 15:39:36 [log] wx.getStorageSync api invoke
2020-5-1 15:39:36 [log] wx.getStorageSync return
2020-5-1 15:39:36 [log] wx.getStorageSync api invoke
2020-5-1 15:39:36 [log] wx.getStorageSync return
2020-5-1 15:39:36 [log] wx.request api invoke with seq 0
2020-5-1 15:39:36 [log] wx.showLoading api invoke
2020-5-1 15:39:36 [log] wx.getStorageSync api invoke
2020-5-1 15:39:36 [log] wx.getStorageSync return
2020-5-1 15:39:36 [log] wx.getStorageSync api invoke
2020-5-1 15:39:36 [log] wx.getStorageSync return
2020-5-1 15:39:36 [log] wx.request api invoke with seq 0
2020-5-1 15:39:36 [log] page pages/homeView/homeView onLoad have been invoked
2020-5-1 15:39:36 [log] page pages/homeView/homeView onShow have been invoked
2020-5-1 15:39:36 [log] wx.hideLoading api invoke
2020-5-1 15:39:36 [log] page pages/homeView/homeView onReady have been invoked
2020-5-1 15:39:36 [log] wx.hideLoading api invoke
2020-5-1 15:39:38 [log] page pages/homeView/homeView onUnload have been invoked
2020-5-1 15:39:38 [log] wx.showLoading api invoke
2020-5-1 15:39:38 [log] wx.getStorageSync api invoke
2020-5-1 15:39:38 [log] wx.getStorageSync return
2020-5-1 15:39:38 [log] wx.getStorageSync api invoke
2020-5-1 15:39:38 [log] wx.getStorageSync return
2020-5-1 15:39:38 [log] wx.request api invoke with seq 0
2020-5-1 15:39:38 [log] wx.showLoading api invoke
2020-5-1 15:39:38 [log] wx.getStorageSync api invoke
2020-5-1 15:39:38 [log] wx.getStorageSync return
2020-5-1 15:39:38 [log] wx.getStorageSync api invoke
2020-5-1 15:39:38 [log] wx.getStorageSync return
2020-5-1 15:39:38 [log] wx.request api invoke with seq 0
2020-5-1 15:39:38 [log] wx.stopPullDownRefresh api invoke
2020-5-1 15:39:38 [log] page pages/home/home onShow have been invoked
2020-5-1 15:39:38 [log] wx.hideLoading api invoke
2020-5-1 15:39:38 [log] wx.hideLoading api invoke
2020-5-1 15:39:45 [log] page pages/home/home onHide have been invoked
2020-5-1 15:39:45 [log] App onHide have been invoke20-4-23 20:41:40 [log] wx.request api invoke with seq 0
2020-4-23 20:41:40 [log] wx.showLoading api invoke
2020-4-23 20:41:40 [log] wx.getStorageSync api invoke
2020-4-23 20:41:40 [log] wx.getStorageSync return
2020-4-23 20:41:40 [log] wx.getStorageSync api invoke
2020-4-23 20:41:40 [log] wx.getStorageSync return
2020-4-23 20:41:40 [log] wx.request api invoke with seq 0
2020-4-23 20:41:40 [log] wx.stopPullDownRefresh api invoke
2020-4-23 20:41:40 [log] page pages/home/home onShow have been invoked
2020-4-23 20:41:40 [log] wx.hideLoading api invoke
2020-4-23 20:41:40 [log] wx.hideLoading api invoke
2020-4-23 20:41:45 [log] page pages/home/home onHide have been invoked
2020-4-23 20:41:45 [log] wx.getStorageSync api invoke
2020-4-23 20:41:45 [log] wx.getStorageSync return
2020-4-23 20:41:45 [log] wx.getStorageSync api invoke
2020-4-23 20:41:45 [log] wx.getStorageSync return
2020-4-23 20:41:45 [log] page pages/my/my onLoad have been invoked
2020-4-23 20:41:45 [log] page pages/my/my onShow have been invoked
2020-4-23 20:41:46 [log] wx.getSystemInfo api invoke
2020-4-23 20:41:46 [log] wx.getSystemInfo success callback with msg getSystemInfo:ok
2020-4-23 20:41:46 [log] page pages/my/my onReady have been invoked
2020-4-23 20:41:49 [log] page pages/my/my onHide have been invoked
2020-4-23 20:41:49 [log] wx.showLoading api invoke
2020-4-23 20:41:49 [log] wx.getStorageSync api invoke
2020-4-23 20:41:49 [log] wx.getStorageSync return
2020-4-23 20:41:49 [log] wx.getStorageSync api invoke
2020-4-23 20:41:49 [log] wx.getStorageSync return
2020-4-23 20:41:49 [log] wx.request api invoke with seq 0
2020-4-23 20:41:49 [log] wx.showLoading api invoke
2020-4-23 20:41:49 [log] wx.getStorageSync api invoke
2020-4-23 20:41:49 [log] wx.getStorageSync return
2020-4-23 20:41:49 [log] wx.getStorageSync api invoke
2020-4-23 20:41:49 [log] wx.getStorageSync return
2020-4-23 20:41:49 [log] wx.request api invoke with seq 0
2020-4-23 20:41:49 [log] wx.stopPullDownRefresh api invoke
2020-4-23 20:41:49 [log] page pages/home/home onShow have been invoked
2020-4-23 20:41:49 [log] wx.hideLoading api invoke
2020-4-23 20:41:49 [log] wx.hideLoading api invoke
2020-4-23 20:41:55 [log] page pages/home/home onHide have been invoked
2020-4-23 20:41:55 [log] App onHide have been invoked
2020-4-23 21:11:14 [log] App onShow have been invoked
2020-4-23 21:11:14 [log] wx.showLoading api invoke
2020-4-23 21:11:14 [log] wx.getStorageSync api invoke
2020-4-23 21:11:14 [log] wx.getStorageSync return
2020-4-23 21:11:14 [log] wx.getStorageSync api invoke
2020-4-23 21:11:14 [log] wx.getStorageSync return
2020-4-23 21:11:14 [log] wx.request api invoke with seq 0
2020-4-23 21:11:14 [log] wx.showLoading api invoke
2020-4-23 21:11:14 [log] wx.getStorageSync api invoke
2020-4-23 21:11:14 [log] wx.getStorageSync return
2020-4-23 21:11:14 [log] wx.getStorageSync api invoke
2020-4-23 21:11:14 [log] wx.getStorageSync return
2020-4-23 21:11:14 [log] wx.request api invoke with seq 0
2020-4-23 21:11:14 [log] wx.stopPullDownRefresh api invoke
2020-4-23 21:11:14 [log] page pages/home/home onShow have been invoked
2020-4-23 21:11:15 [log] wx.hideLoading api invoke
2020-4-23 21:11:15 [log] wx.hideLoading api invoke
2020-4-23 21:12:47 [log] wx.navigateTo api invoke
2020-4-23 21:12:48 [log] page pages/home/home onHide have been invoked
2020-4-23 21:12:48 [log] page pages/searchResult/searchResult onLoad have been invoked
2020-4-23 21:12:48 [log] page pages/searchResult/searchResult onShow have been invoked
2020-4-23 21:12:48 [log] wx.getSystemInfo api invoke
2020-4-23 21:12:48 [log] wx.getSystemInfo success callback with msg getSystemInfo:ok
2020-4-23 21:12:49 [log] page pages/searchResult/searchResult onReady have been invoked
2020-4-23 21:13:0 [log] wx.showLoading api invoke
2020-4-23 21:13:0 [log] wx.getStorageSync api invoke
2020-4-23 21:13:0 [log] wx.getStorageSync return
2020-4-23 21:13:0 [log] wx.getStorageSync api invoke
2020-4-23 21:13:0 [log] wx.getStorageSync return
2020-4-23 21:13:0 [log] wx.request api invoke with seq 0
2020-4-23 21:13:0 [log] wx.hideLoading api invoke
2020-4-23 21:13:2 [log] wx.showLoading api invoke
2020-4-23 21:13:2 [log] wx.getStorageSync api invoke
2020-4-23 21:13:2 [log] wx.getStorageSync return
2020-4-23 21:13:2 [log] wx.getStorageSync api invoke
2020-4-23 21:13:2 [log] wx.getStorageSync return
2020-4-23 21:13:2 [log] wx.request api invoke with seq 0
2020-4-23 21:13:2 [log] wx.hideLoading api invoke
2020-4-23 21:13:11 [log] wx.showLoading api invoke
2020-4-23 21:13:11 [log] wx.getStorageSync api invoke
2020-4-23 21:13:11 [log] wx.getStorageSync return
2020-4-23 21:13:11 [log] wx.getStorageSync api invoke
2020-4-23 21:13:11 [log] wx.getStorageSync return
2020-4-23 21:13:11 [log] wx.request api invoke with seq 0
2020-4-23 21:13:11 [log] wx.hideLoading api invoke
2020-4-23 21:13:13 [log] page pages/searchResult/searchResult onUnload have been invoked
2020-4-23 21:13:13 [log] wx.showLoading api invoke
2020-4-23 21:13:13 [log] wx.getStorageSync api invoke
2020-4-23 21:13:13 [log] wx.getStorageSync return
2020-4-23 21:13:13 [log] wx.getStorageSync api invoke
2020-4-23 21:13:13 [log] wx.getStorageSync return
2020-4-23 21:13:13 [log] wx.request api invoke with seq 0
2020-4-23 21:13:13 [log] wx.showLoading api invoke
2020-4-23 21:13:13 [log] wx.getStorageSync api invoke
2020-4-23 21:13:13 [log] wx.getStorageSync return
2020-4-23 21:13:13 [log] wx.getStorageSync api invoke
2020-4-23 21:13:13 [log] wx.getStorageSync return
2020-4-23 21:13:13 [log] wx.request api invoke with seq 0
2020-4-23 21:13:13 [log] wx.stopPullDownRefresh api invoke
2020-4-23 21:13:13 [log] page pages/home/home onShow have been invoked
2020-4-23 21:13:15 [log] wx.hideLoading api invoke
2020-4-23 21:13:16 [log] wx.hideLoading api invoke
2020-4-23 21:13:46 [log] page pages/home/home onHide have been invoked
2020-4-23 21:13:46 [log] page pages/my/my onShow have been invoked
2020-4-23 21:13:50 [log] wx.navigateTo api invoke
2020-4-23 21:13:50 [log] page pages/my/my onHide have been invoked
2020-4-23 21:13:50 [log] page pages/changeSalesmanID/changeSalesmanID onLoad have been invoked
2020-4-23 21:13:50 [log] page pages/changeSalesmanID/changeSalesmanID onShow have been invoked
2020-4-23 21:13:51 [log] wx.getSystemInfo api invoke
2020-4-23 21:13:51 [log] wx.getSystem-30 13:1:3 [log] wx.getStorageSync return
2020-4-30 13:1:3 [log] wx.request api invoke with seq 0
2020-4-30 13:1:3 [log] wx.showLoading api invoke
2020-4-30 13:1:3 [log] wx.getStorageSync api invoke
2020-4-30 13:1:3 [log] wx.getStorageSync return
2020-4-30 13:1:3 [log] wx.getStorageSync api invoke
2020-4-30 13:1:3 [log] wx.getStorageSync return
2020-4-30 13:1:3 [log] wx.request api invoke with seq 0
2020-4-30 13:1:3 [log] page pages/homeView/homeView onLoad have been invoked
2020-4-30 13:1:3 [log] page pages/homeView/homeView onShow have been invoked
2020-4-30 13:1:4 [log] wx.hideLoading api invoke
2020-4-30 13:1:4 [log] page pages/homeView/homeView onReady have been invoked
2020-4-30 13:1:4 [log] wx.hideLoading api invoke
2020-4-30 13:1:37 [log] page pages/homeView/homeView onUnload have been invoked
2020-4-30 13:1:37 [log] wx.showLoading api invoke
2020-4-30 13:1:37 [log] wx.getStorageSync api invoke
2020-4-30 13:1:37 [log] wx.getStorageSync return
2020-4-30 13:1:37 [log] wx.getStorageSync api invoke
2020-4-30 13:1:37 [log] wx.getStorageSync return
2020-4-30 13:1:37 [log] wx.request api invoke with seq 0
2020-4-30 13:1:37 [log] wx.showLoading api invoke
2020-4-30 13:1:37 [log] wx.getStorageSync api invoke
2020-4-30 13:1:37 [log] wx.getStorageSync return
2020-4-30 13:1:37 [log] wx.getStorageSync api invoke
2020-4-30 13:1:37 [log] wx.getStorageSync return
2020-4-30 13:1:37 [log] wx.request api invoke with seq 0
2020-4-30 13:1:37 [log] wx.stopPullDownRefresh api invoke
2020-4-30 13:1:37 [log] page pages/home/home onShow have been invoked
2020-4-30 13:1:37 [log] wx.hideLoading api invoke
2020-4-30 13:1:37 [log] wx.hideLoading api invoke
2020-4-30 13:1:39 [log] wx.navigateTo api invoke
2020-4-30 13:1:39 [log] page pages/home/home onHide have been invoked
2020-4-30 13:1:40 [log] wx.showLoading api invoke
2020-4-30 13:1:40 [log] wx.getStorageSync api invoke
2020-4-30 13:1:40 [log] wx.getStorageSync return
2020-4-30 13:1:40 [log] wx.getStorageSync api invoke
2020-4-30 13:1:40 [log] wx.getStorageSync return
2020-4-30 13:1:40 [log] wx.request api invoke with seq 0
2020-4-30 13:1:40 [log] wx.showLoading api invoke
2020-4-30 13:1:40 [log] wx.getStorageSync api invoke
2020-4-30 13:1:40 [log] wx.getStorageSync return
2020-4-30 13:1:40 [log] wx.getStorageSync api invoke
2020-4-30 13:1:40 [log] wx.getStorageSync return
2020-4-30 13:1:40 [log] wx.request api invoke with seq 0
2020-4-30 13:1:40 [log] page pages/homeView/homeView onLoad have been invoked
2020-4-30 13:1:40 [log] page pages/homeView/homeView onShow have been invoked
2020-4-30 13:1:40 [log] wx.hideLoading api invoke
2020-4-30 13:1:40 [log] wx.hideLoading api invoke
2020-4-30 13:1:40 [log] page pages/homeView/homeView onReady have been invoked
2020-4-30 13:2:5 [log] page pages/homeView/homeView onUnload have been invoked
2020-4-30 13:2:5 [log] wx.showLoading api invoke
2020-4-30 13:2:5 [log] wx.getStorageSync api invoke
2020-4-30 13:2:5 [log] wx.getStorageSync return
2020-4-30 13:2:5 [log] wx.getStorageSync api invoke
2020-4-30 13:2:5 [log] wx.getStorageSync return
2020-4-30 13:2:5 [log] wx.request api invoke with seq 0
2020-4-30 13:2:5 [log] wx.showLoading api invoke
2020-4-30 13:2:5 [log] wx.getStorageSync api invoke
2020-4-30 13:2:5 [log] wx.getStorageSync return
2020-4-30 13:2:5 [log] wx.getStorageSync api invoke
2020-4-30 13:2:5 [log] wx.getStorageSync return
2020-4-30 13:2:5 [log] wx.request api invoke with seq 0
2020-4-30 13:2:5 [log] wx.stopPullDownRefresh api invoke
2020-4-30 13:2:5 [log] page pages/home/home onShow have been invoked
2020-4-30 13:2:5 [log] wx.hideLoading api invoke
2020-4-30 13:2:5 [log] wx.hideLoading api invoke
2020-4-30 13:2:9 [log] page pages/home/home onHide have been invoked
2020-4-30 13:2:9 [log] wx.getStorageSync api invoke
2020-4-30 13:2:9 [log] wx.getStorageSync return
2020-4-30 13:2:9 [log] wx.getStorageSync api invoke
2020-4-30 13:2:9 [log] wx.getStorageSync return
2020-4-30 13:2:9 [log] page pages/emptyPage/emptyPage onLoad have been invoked
2020-4-30 13:2:9 [log] wx.redirectTo api invoke
2020-4-30 13:2:9 [log] page pages/emptyPage/emptyPage onShow have been invoked
2020-4-30 13:2:10 [log] page pages/emptyPage/emptyPage onUnload have been invoked
2020-4-30 13:2:10 [log] page pages/houseEntryPhoto/houseEntryPhoto onLoad have been invoked
2020-4-30 13:2:10 [log] page pages/houseEntryPhoto/houseEntryPhoto onShow have been invoked
2020-4-30 13:2:11 [log] page pages/houseEntryPhoto/houseEntryPhoto onReady have been invoked
2020-4-30 13:2:16 [log] page pages/houseEntryPhoto/houseEntryPhoto onHide have been invoked
2020-4-30 13:2:16 [log] App onHide have been invoked
2020-5-1 15:39:14 [log] wx.getStorageSync api invoke
2020-5-1 15:39:14 [log] wx.getStorageSync return
2020-5-1 15:39:14 [log] App onLaunch have been invoked
2020-5-1 15:39:14 [log] App onShow have been invoked
2020-5-1 15:39:15 [log] wx.getStorageSync api invoke
2020-5-1 15:39:15 [log] wx.getStorageSync return
2020-5-1 15:39:15 [log] page pages/home/home onLoad have been invoked
2020-5-1 15:39:15 [log] wx.showLoading api invoke
2020-5-1 15:39:15 [log] wx.getStorageSync api invoke
2020-5-1 15:39:15 [log] wx.getStorageSync return
2020-5-1 15:39:15 [log] wx.getStorageSync api invoke
2020-5-1 15:39:15 [log] wx.getStorageSync return
2020-5-1 15:39:15 [log] wx.request api invoke with seq 0
2020-5-1 15:39:15 [log] wx.showLoading api invoke
2020-5-1 15:39:15 [log] wx.getStorageSync api invoke
2020-5-1 15:39:15 [log] wx.getStorageSync return
2020-5-1 15:39:15 [log] wx.getStorageSync api invoke
2020-5-1 15:39:15 [log] wx.getStorageSync return
2020-5-1 15:39:15 [log] wx.request api invoke with seq 0
2020-5-1 15:39:15 [log] wx.stopPullDownRefresh api invoke
2020-5-1 15:39:15 [log] page pages/home/home onShow have been invoked
2020-5-1 15:39:15 [log] wx.hideLoading api invoke
2020-5-1 15:39:15 [log] wx.getStorageSync api invoke
2020-5-1 15:39:15 [log] wx.getStorageSync return
2020-5-1 15:39:15 [log] wx.request api invoke with seq 0
2020-5-1 15:39:15 [log] wx.hideLoading api invoke
2020-5-1 15:39:15 [log] wx.getStorageSync api invoke
2020-5-1 15:39:15 [log] wx.getStorageSync return
2020-5-1 15:39:15 [log] wx.request api invoke with seq 0
2020-5-1 15:39:15 [log] wx.setStorageSync api invoke
2020-5-1 15:39:15 [log] wx.setStorageSync return
2020-5-1 15:39:15 [l